e:\bsdiff\code\bsdiff\x64\debug\bsdiff.lib
e:\bsdiff\code\bsdiff\x64\debug\bsdiff.exp
e:\bsdiff\code\bsdiff\bsdiff\x64\debug\vc120.pdb
e:\bsdiff\code\bsdiff\bsdiff\x64\debug\vc120.idb
e:\bsdiff\code\bsdiff\bsdiff\x64\debug\blocksort.obj
e:\bsdiff\code\bsdiff\bsdiff\x64\debug\bzlib.obj
e:\bsdiff\code\bsdiff\bsdiff\x64\debug\compress.obj
e:\bsdiff\code\bsdiff\bsdiff\x64\debug\crctable.obj
e:\bsdiff\code\bsdiff\bsdiff\x64\debug\decompress.obj
e:\bsdiff\code\bsdiff\bsdiff\x64\debug\huffman.obj
e:\bsdiff\code\bsdiff\bsdiff\x64\debug\randtable.obj
e:\bsdiff\code\bsdiff\bsdiff\x64\debug\bsdiff.obj
e:\bsdiff\code\bsdiff\x64\debug\bsdiff.ilk
e:\bsdiff\code\bsdiff\x64\debug\bsdiff.dll
e:\bsdiff\code\bsdiff\x64\debug\bsdiff.pdb
e:\bsdiff\code\bsdiff\bsdiff\x64\debug\bsdiff.tlog\bsdiff.write.1u.tlog
e:\bsdiff\code\bsdiff\bsdiff\x64\debug\bsdiff.tlog\cl.command.1.tlog
e:\bsdiff\code\bsdiff\bsdiff\x64\debug\bsdiff.tlog\cl.read.1.tlog
e:\bsdiff\code\bsdiff\bsdiff\x64\debug\bsdiff.tlog\cl.write.1.tlog
e:\bsdiff\code\bsdiff\bsdiff\x64\debug\bsdiff.tlog\link.command.1.tlog
e:\bsdiff\code\bsdiff\bsdiff\x64\debug\bsdiff.tlog\link.read.1.tlog
e:\bsdiff\code\bsdiff\bsdiff\x64\debug\bsdiff.tlog\link.write.1.tlog
