生成启动时间为 2017/2/10 14:31:23。
     1>项目“E:\bsdiff\code\bsdiff\bsdiff\bsdiff.vcxproj”在节点 2 上(Rebuild 个目标)。
     1>ClCompile:
         D:\Program Files (x86)\Microsoft Visual Studio 12.0\VC\bin\x86_amd64\CL.exe /c /Zi /nologo /W3 /WX- /sdl- /Od /D _WINDLL /D _MBCS /Gm /EHsc /RTC1 /MDd /GS /fp:precise /Zc:wchar_t /Zc:forScope /Fo"x64\Debug\\" /Fd"x64\Debug\vc120.pdb" /Gd /TC /errorReport:prompt -D _CRT_SECURE_NO_WARNINGS  -D _CRT_NONSTDC_NO_DEPRECATE "..\..\..\bsdiff4.3-win32-src\blocksort.c" "..\..\..\bsdiff4.3-win32-src\bzlib.c" "..\..\..\bsdiff4.3-win32-src\compress.c" "..\..\..\bsdiff4.3-win32-src\crctable.c" "..\..\..\bsdiff4.3-win32-src\decompress.c" "..\..\..\bsdiff4.3-win32-src\huffman.c" "..\..\..\bsdiff4.3-win32-src\randtable.c"
         randtable.c
         huffman.c
         decompress.c
         crctable.c
         compress.c
     1>..\..\..\bsdiff4.3-win32-src\compress.c(205): warning C4244: “=”: 从“__int64”转换到“Int32”，可能丢失数据
         bzlib.c
     1>..\..\..\bsdiff4.3-win32-src\bzlib.c(997): warning C4267: “=”: 从“size_t”转换到“Int32”，可能丢失数据
     1>..\..\..\bsdiff4.3-win32-src\bzlib.c(1056): warning C4267: “=”: 从“size_t”转换到“Int32”，可能丢失数据
     1>..\..\..\bsdiff4.3-win32-src\bzlib.c(1191): warning C4267: “=”: 从“size_t”转换到“Int32”，可能丢失数据
         blocksort.c
         正在生成代码...
         D:\Program Files (x86)\Microsoft Visual Studio 12.0\VC\bin\x86_amd64\CL.exe /c /Zi /nologo /W3 /WX- /sdl- /Od /D _WINDLL /D _MBCS /Gm /EHsc /RTC1 /MDd /GS /fp:precise /Zc:wchar_t /Zc:forScope /Fo"x64\Debug\\" /Fd"x64\Debug\vc120.pdb" /Gd /TP /errorReport:prompt -D _CRT_SECURE_NO_WARNINGS  -D _CRT_NONSTDC_NO_DEPRECATE "..\..\..\bsdiff4.3-win32-src\bsdiff.cpp"
         bsdiff.cpp
       Link:
         D:\Program Files (x86)\Microsoft Visual Studio 12.0\VC\bin\x86_amd64\link.exe /ERRORREPORT:PROMPT /OUT:"E:\bsdiff\code\bsdiff\x64\Debug\bsdiff.dll" /INCREMENTAL /NOLOGO kernel32.lib user32.lib gdi32.lib winspool.lib comdlg32.lib advapi32.lib shell32.lib ole32.lib oleaut32.lib uuid.lib odbc32.lib odbccp32.lib /MANIFEST /MANIFESTUAC:"level='asInvoker' uiAccess='false'" /manifest:embed /DEBUG /PDB:"E:\bsdiff\code\bsdiff\x64\Debug\bsdiff.pdb" /TLBID:1 /DYNAMICBASE /NXCOMPAT /IMPLIB:"E:\bsdiff\code\bsdiff\x64\Debug\bsdiff.lib" /MACHINE:X64 /DLL x64\Debug\blocksort.obj
         x64\Debug\bsdiff.obj
         x64\Debug\bzlib.obj
         x64\Debug\compress.obj
         x64\Debug\crctable.obj
         x64\Debug\decompress.obj
         x64\Debug\huffman.obj
         x64\Debug\randtable.obj
            正在创建库 E:\bsdiff\code\bsdiff\x64\Debug\bsdiff.lib 和对象 E:\bsdiff\code\bsdiff\x64\Debug\bsdiff.exp
         bsdiff.vcxproj -> E:\bsdiff\code\bsdiff\x64\Debug\bsdiff.dll
     1>已完成生成项目“E:\bsdiff\code\bsdiff\bsdiff\bsdiff.vcxproj”(Rebuild 个目标)的操作。

生成成功。

已用时间 00:00:08.50
